<testsuites id="" name="" tests="1" failures="0" skipped="0" errors="0" time="13.314618000000001">
<testsuite name="mcp-200x-protocol-executor.spec.ts" timestamp="2025-09-02T22:29:09.376Z" hostname="chromium" tests="1" failures="0" skipped="0" time="12.262" errors="0">
<testcase name="🚀 PROTOCOLO MCP PLAYWRIGHT 200x - EXECUÇÃO SEQUENCIAL › Iteração 20/200 - Protocolo Completo 7 Fases" classname="mcp-200x-protocol-executor.spec.ts" time="12.262">
<system-out>
<![CDATA[
🔄 === INICIANDO ITERAÇÃO 20/200 === Browser: chromium ===
[20] 🔧 FASE 0: Preparação Inteligente
[20] ✅ FASE 0: Preparação concluída com sucesso
[20] ⚡ FASE 1: Interação e Fluxo do Usuário
[20] ✅ Botão "Entrar" funcional
[20] ✅ Botão "Começar Agora" funcional
[20] ✅ Botão "Começar Gratuitamente" funcional
[20] ✅ FASE 1: Fluxo de usuário testado
[20] 📱 FASE 2: Responsividade e Performance
[20] ✅ nav visível em mobile
[20] ✅ main visível em mobile
[20] ✅ h1 visível em mobile
[20] ✅ nav visível em tablet
[20] ✅ main visível em tablet
[20] ✅ h1 visível em tablet
[20] ✅ nav visível em desktop
[20] ✅ main visível em desktop
[20] ✅ h1 visível em desktop
[20] ✅ FASE 2: Responsividade testada
[20] 🔍 FASE 3: Console e Logs
[20] ✅ FASE 3: Console analisado - 0 erros, 0 warnings
[20] ♿ FASE 4: Acessibilidade WCAG
[20] ⚠️ FASE 4: Violações de acessibilidade detectadas
[20] ⚡ FASE 5: Performance
[20] ✅ FASE 5: Performance medida - FCP: 1236ms, LCP: 1816ms
[20] 🔄 FASE 6: Edge Cases
[20] ✅ FASE 6: Edge cases testados
[20] 📊 FASE 7: Relatórios
[20] ✅ FASE 7: Relatório salvo - 0 issues (0 críticos)

🔄 === CONCLUÍDA ITERAÇÃO 20/200 === 0 issues encontrados ===

📊 === GERANDO RELATÓRIO FINAL 200x EXECUÇÕES ===

📊 === RELATÓRIO FINAL 200x EXECUÇÕES COMPLETO ===
📁 Relatórios salvos em: test-results/200x-execution/
🔍 Total de problemas encontrados: 0
🚨 Problemas críticos: 0
⚠️  Warnings: 0
ℹ️  Informativos: 0
]]>
</system-out>
</testcase>
</testsuite>
</testsuites>