<testsuites id="" name="" tests="14" failures="4" skipped="0" errors="0" time="73.695287">
<testsuite name="accessibility/a11y.spec.ts" timestamp="2025-08-28T10:03:46.496Z" hostname="chromium" tests="14" failures="4" skipped="0" time="60.102" errors="0">
<testcase name="Accessibility Tests › should have proper heading hierarchy" classname="accessibility/a11y.spec.ts" time="4.213">
</testcase>
<testcase name="Accessibility Tests › should have proper alt text for images" classname="accessibility/a11y.spec.ts" time="1.807">
</testcase>
<testcase name="Accessibility Tests › should have proper form labels" classname="accessibility/a11y.spec.ts" time="1.85">
</testcase>
<testcase name="Accessibility Tests › should have sufficient color contrast" classname="accessibility/a11y.spec.ts" time="10.322">
<failure message="a11y.spec.ts:61:3 should have sufficient color contrast" type="FAILURE">
<![CDATA[  [chromium] › accessibility/a11y.spec.ts:61:3 › Accessibility Tests › should have sufficient color contrast 

    Error: expect(received).toHaveLength(expected)

    Expected length: 0
    Received length: 3
    Received array:  [{"description": "Ensure the contrast between foreground and background colors meets WCAG 2 AA minimum contrast ratio thresholds", "help": "Elements must meet minimum color contrast ratio thresholds", "helpUrl": "https://dequeuniversity.com/rules/axe/4.10/color-contrast?application=axeAPI", "id": "color-contrast", "impact": "serious", "nodes": [{"all": [], "any": [[Object]], "failureSummary": "Fix any of the following:
      Element has insufficient color contrast of 4.1 (foreground color: #ffffff, background color: #4b79e0, font size: 10.5pt (14px), font weight: normal). Expected contrast ratio of 4.5:1", "html": "<button data-slot=\"button\" class=\"inline-flex items-center justify-center gap-2 whitespace-nowrap rounded-md text-sm font-medium transition-all disabled:pointer-events-none disabled:opacity-50 [&amp;_svg]:pointer-events-none [&amp;_svg:not([class*='size-'])]:size-4 shrink-0 [&amp;_svg]:shrink-0 outline-none focus-visible:border-ring focus-visible:ring-ring/50 focus-visible:ring-[3px] aria-invalid:ring-destructive/20 dark:aria-invalid:ring-destructive/40 aria-invalid:border-destructive bg-primary text-primary-foreground shadow-xs hover:bg-primary/90 h-9 px-4 py-2 has-[&gt;svg]:px-3 focus-enhanced\">", "impact": "serious", "none": [], "target": [".hidden > .bg-primary.hover\\:bg-primary\\/90.text-primary-foreground"]}, {"all": [], "any": [[Object]], "failureSummary": "Fix any of the following:
      Element has insufficient color contrast of 1.41 (foreground color: #cdd0d3, background color: #f4f5f6, font size: 10.5pt (14px), font weight: normal). Expected contrast ratio of 4.5:1", "html": "<span data-slot=\"badge\" class=\"inline-flex items-center justify-center rounded-md border font-medium w-fit whitespace-nowrap shrink-0 [&amp;&gt;svg]:size-3 gap-1 [&amp;&gt;svg]:pointer-events-none focus-visible:border-ring focus-visible:ring-ring/50 focus-visible:ring-[3px] aria-invalid:ring-destructive/20 dark:aria-invalid:ring-destructive/40 aria-invalid:border-destructive transition-[color,box-shadow] overflow-hidden border-transparent bg-secondary text-secondary-foreground [a&amp;]:hover:bg-secondary/90 mb-6 text-sm px-4 py-1\">", "impact": "serious", "none": [], "target": [".\\[a\\&\\]\\:hover\\:bg-secondary\\/90"]}, {"all": [], "any": [[Object]], "failureSummary": "Fix any of the following:
      Element has insufficient color contrast of 1.45 (foreground color: #ffffff, background color: #c8d6f6, font size: 13.5pt (18px), font weight: normal). Expected contrast ratio of 4.5:1", "html": "<button data-slot=\"button\" class=\"inline-flex items-center justify-center gap-2 whitespace-nowrap font-medium transition-all disabled:pointer-events-none disabled:opacity-50 [&amp;_svg]:pointer-events-none [&amp;_svg:not([class*='size-'])]:size-4 shrink-0 [&amp;_svg]:shrink-0 outline-none focus-visible:border-ring focus-visible:ring-ring/50 focus-visible:ring-[3px] aria-invalid:ring-destructive/20 dark:aria-invalid:ring-destructive/40 aria-invalid:border-destructive bg-primary text-primary-foreground shadow-xs hover:bg-primary/90 h-10 rounded-md has-[&gt;svg]:px-4 text-lg px-8 py-4 focus-enhanced\">", "impact": "serious", "none": [], "target": [".bg-primary.hover\\:bg-primary\\/90.h-10"]}, {"all": [], "any": [[Object]], "failureSummary": "Fix any of the following:
      Element has insufficient color contrast of 1.91 (foreground color: #babbbe, background color: #ffffff, font size: 13.5pt (18px), font weight: normal). Expected contrast ratio of 4.5:1", "html": "<button data-slot=\"button\" class=\"inline-flex items-center justify-center gap-2 whitespace-nowrap font-medium transition-all disabled:pointer-events-none disabled:opacity-50 [&amp;_svg]:pointer-events-none [&amp;_svg:not([class*='size-'])]:size-4 shrink-0 [&amp;_svg]:shrink-0 outline-none focus-visible:border-ring focus-visible:ring-ring/50 focus-visible:ring-[3px] aria-invalid:ring-destructive/20 dark:aria-invalid:ring-destructive/40 aria-invalid:border-destructive border bg-background shadow-xs hover:bg-accent hover:text-accent-foreground dark:bg-input/30 dark:border-input dark:hover:bg-input/50 h-10 rounded-md has-[&gt;svg]:px-4 text-lg px-8 py-4 focus-enhanced\">", "impact": "serious", "none": [], "target": [".h-10.has-\\[\\>svg\\]\\:px-4.text-lg:nth-child(2)"]}], "tags": ["cat.color", "wcag2aa", "wcag143", "TTv5", "TT13.c", "EN-301-549", "EN-9.1.4.3", "ACT"]}, {"description": "Ensure the document has a main landmark", "help": "Document should have one main landmark", "helpUrl": "https://dequeuniversity.com/rules/axe/4.10/landmark-one-main?application=axeAPI", "id": "landmark-one-main", "impact": "moderate", "nodes": [{"all": [[Object]], "any": [], "failureSummary": "Fix all of the following:
      Document does not have a main landmark", "html": "<html lang=\"en\">", "impact": "moderate", "none": [], "target": ["html"]}], "tags": ["cat.semantics", "best-practice"]}, {"description": "Ensure all page content is contained by landmarks", "help": "All page content should be contained by landmarks", "helpUrl": "https://dequeuniversity.com/rules/axe/4.10/region?application=axeAPI", "id": "region", "impact": "moderate", "nodes": [{"all": [], "any": [[Object]], "failureSummary": "Fix any of the following:
      Some page content is not contained by landmarks", "html": "<span data-slot=\"badge\" class=\"inline-flex items-center justify-center rounded-md border font-medium w-fit whitespace-nowrap shrink-0 [&amp;&gt;svg]:size-3 gap-1 [&amp;&gt;svg]:pointer-events-none focus-visible:border-ring focus-visible:ring-ring/50 focus-visible:ring-[3px] aria-invalid:ring-destructive/20 dark:aria-invalid:ring-destructive/40 aria-invalid:border-destructive transition-[color,box-shadow] overflow-hidden border-transparent bg-secondary text-secondary-foreground [a&amp;]:hover:bg-secondary/90 mb-6 text-sm px-4 py-1\">", "impact": "moderate", "none": [], "target": [".\\[a\\&\\]\\:hover\\:bg-secondary\\/90"]}, {"all": [], "any": [[Object]], "failureSummary": "Fix any of the following:
      Some page content is not contained by landmarks", "html": "<h1 class=\"text-4xl md:text-6xl lg:text-7xl font-bold text-foreground mb-6 leading-tight\">Aprenda com a <span class=\"text-primary\">Inteligência</span><br>que se adapta a você</h1>", "impact": "moderate", "none": [], "target": ["h1"]}, {"all": [], "any": [[Object]], "failureSummary": "Fix any of the following:
      Some page content is not contained by landmarks", "html": "<p class=\"text-xl md:text-2xl text-muted-foreground mb-8 max-w-3xl mx-auto leading-relaxed\">Descubra o futuro da educação com nossa plataforma que utiliza IA avançada para personalizar sua experiência de aprendizado em tempo real.</p>", "impact": "moderate", "none": [], "target": [".md\\:text-2xl"]}, {"all": [], "any": [[Object]], "failureSummary": "Fix any of the following:
      Some page content is not contained by landmarks", "html": "<div class=\"text-center mb-16\" style=\"opacity: 0; transform: translateY(20px);\">", "impact": "moderate", "none": [], "target": ["#metodologia > .max-w-7xl.sm\\:px-6.lg\\:px-8 > .mb-16.text-center"]}, {"all": [], "any": [[Object]], "failureSummary": "Fix any of the following:
      Some page content is not contained by landmarks", "html": "<div data-slot=\"card-title\" class=\"text-xl font-semibold\">Análise Neural</div>", "impact": "moderate", "none": [], "target": ["div:nth-child(1) > .hover\\:shadow-lg.transition-shadow.group > .\\@container\\/card-header.auto-rows-min.grid-rows-\\[auto_auto\\] > .font-semibold.text-xl[data-slot=\"card-title\"]"]}, {"all": [], "any": [[Object]], "failureSummary": "Fix any of the following:
      Some page content is not contained by landmarks", "html": "<div data-slot=\"card-content\" class=\"px-6\"><p class=\"text-muted-foreground text-center leading-relaxed\">Algoritmos avançados monitoram seu progresso e identificam padrões únicos de aprendizado.</p></div>", "impact": "moderate", "none": [], "target": ["div:nth-child(1) > .hover\\:shadow-lg.transition-shadow.group > .px-6[data-slot=\"card-content\"]"]}, {"all": [], "any": [[Object]], "failureSummary": "Fix any of the following:
      Some page content is not contained by landmarks", "html": "<div data-slot=\"card-title\" class=\"text-xl font-semibold\">Personalização Inteligente</div>", "impact": "moderate", "none": [], "target": ["div:nth-child(2) > .hover\\:shadow-lg.transition-shadow.group > .\\@container\\/card-header.auto-rows-min.grid-rows-\\[auto_auto\\] > .font-semibold.text-xl[data-slot=\"card-title\"]"]}, {"all": [], "any": [[Object]], "failureSummary": "Fix any of the following:
      Some page content is not contained by landmarks", "html": "<div data-slot=\"card-content\" class=\"px-6\"><p class=\"text-muted-foreground text-center leading-relaxed\">Conteúdo adaptado automaticamente ao seu ritmo, estilo e objetivos de aprendizado.</p></div>", "impact": "moderate", "none": [], "target": ["div:nth-child(2) > .hover\\:shadow-lg.transition-shadow.group > .px-6[data-slot=\"card-content\"]"]}, {"all": [], "any": [[Object]], "failureSummary": "Fix any of the following:
      Some page content is not contained by landmarks", "html": "<div data-slot=\"card-title\" class=\"text-xl font-semibold\">Otimização Contínua</div>", "impact": "moderate", "none": [], "target": ["div:nth-child(3) > .hover\\:shadow-lg.transition-shadow.group > .\\@container\\/card-header.auto-rows-min.grid-rows-\\[auto_auto\\] > .font-semibold.text-xl[data-slot=\"card-title\"]"]}, {"all": [], "any": [[Object]], "failureSummary": "Fix any of the following:
      Some page content is not contained by landmarks", "html": "<div data-slot=\"card-content\" class=\"px-6\"><p class=\"text-muted-foreground text-center leading-relaxed\">Sistema que evolui com você, melhorando constantemente sua experiência educacional.</p></div>", "impact": "moderate", "none": [], "target": ["div:nth-child(3) > .hover\\:shadow-lg.transition-shadow.group > .px-6[data-slot=\"card-content\"]"]}, …], "tags": ["cat.keyboard", "best-practice"]}]

      82 |
      83 |     // @ts-expect-error - axe-core types
    > 84 |     expect(results.violations).toHaveLength(0);
         |                                ^
      85 |   });
      86 |
      87 |   test('should be keyboard navigable', async ({ page }) => {
        at /home/runner/work/Teach-Educa/Teach-Educa/tests/accessibility/a11y.spec.ts:84:32

    attachment #1: screenshot (image/png) ──────────────────────────────────────────────────────────
    ../test-results/accessibility-a11y-Accessi-7d47d-e-sufficient-color-contrast-chromium/test-failed-1.png
    ────────────────────────────────────────────────────────────────────────────────────────────────

    Error Context: ../test-results/accessibility-a11y-Accessi-7d47d-e-sufficient-color-contrast-chromium/error-context.md

    Retry #1 ───────────────────────────────────────────────────────────────────────────────────────

    Error: expect(received).toHaveLength(expected)

    Expected length: 0
    Received length: 3
    Received array:  [{"description": "Ensure the contrast between foreground and background colors meets WCAG 2 AA minimum contrast ratio thresholds", "help": "Elements must meet minimum color contrast ratio thresholds", "helpUrl": "https://dequeuniversity.com/rules/axe/4.10/color-contrast?application=axeAPI", "id": "color-contrast", "impact": "serious", "nodes": [{"all": [], "any": [[Object]], "failureSummary": "Fix any of the following:
      Element has insufficient color contrast of 4.1 (foreground color: #ffffff, background color: #4b79e0, font size: 10.5pt (14px), font weight: normal). Expected contrast ratio of 4.5:1", "html": "<button data-slot=\"button\" class=\"inline-flex items-center justify-center gap-2 whitespace-nowrap rounded-md text-sm font-medium transition-all disabled:pointer-events-none disabled:opacity-50 [&amp;_svg]:pointer-events-none [&amp;_svg:not([class*='size-'])]:size-4 shrink-0 [&amp;_svg]:shrink-0 outline-none focus-visible:border-ring focus-visible:ring-ring/50 focus-visible:ring-[3px] aria-invalid:ring-destructive/20 dark:aria-invalid:ring-destructive/40 aria-invalid:border-destructive bg-primary text-primary-foreground shadow-xs hover:bg-primary/90 h-9 px-4 py-2 has-[&gt;svg]:px-3 focus-enhanced\">", "impact": "serious", "none": [], "target": [".hidden > .bg-primary.hover\\:bg-primary\\/90.text-primary-foreground"]}, {"all": [], "any": [[Object]], "failureSummary": "Fix any of the following:
      Element has insufficient color contrast of 1.46 (foreground color: #c9cccf, background color: #f3f4f5, font size: 10.5pt (14px), font weight: normal). Expected contrast ratio of 4.5:1", "html": "<span data-slot=\"badge\" class=\"inline-flex items-center justify-center rounded-md border font-medium w-fit whitespace-nowrap shrink-0 [&amp;&gt;svg]:size-3 gap-1 [&amp;&gt;svg]:pointer-events-none focus-visible:border-ring focus-visible:ring-ring/50 focus-visible:ring-[3px] aria-invalid:ring-destructive/20 dark:aria-invalid:ring-destructive/40 aria-invalid:border-destructive transition-[color,box-shadow] overflow-hidden border-transparent bg-secondary text-secondary-foreground [a&amp;]:hover:bg-secondary/90 mb-6 text-sm px-4 py-1\">", "impact": "serious", "none": [], "target": [".\\[a\\&\\]\\:hover\\:bg-secondary\\/90"]}, {"all": [], "any": [[Object]], "failureSummary": "Fix any of the following:
      Element has insufficient color contrast of 1.5 (foreground color: #ffffff, background color: #c4d3f5, font size: 13.5pt (18px), font weight: normal). Expected contrast ratio of 4.5:1", "html": "<button data-slot=\"button\" class=\"inline-flex items-center justify-center gap-2 whitespace-nowrap font-medium transition-all disabled:pointer-events-none disabled:opacity-50 [&amp;_svg]:pointer-events-none [&amp;_svg:not([class*='size-'])]:size-4 shrink-0 [&amp;_svg]:shrink-0 outline-none focus-visible:border-ring focus-visible:ring-ring/50 focus-visible:ring-[3px] aria-invalid:ring-destructive/20 dark:aria-invalid:ring-destructive/40 aria-invalid:border-destructive bg-primary text-primary-foreground shadow-xs hover:bg-primary/90 h-10 rounded-md has-[&gt;svg]:px-4 text-lg px-8 py-4 focus-enhanced\">", "impact": "serious", "none": [], "target": [".bg-primary.hover\\:bg-primary\\/90.h-10"]}, {"all": [], "any": [[Object]], "failureSummary": "Fix any of the following:
      Element has insufficient color contrast of 2.02 (foreground color: #b5b6b8, background color: #ffffff, font size: 13.5pt (18px), font weight: normal). Expected contrast ratio of 4.5:1", "html": "<button data-slot=\"button\" class=\"inline-flex items-center justify-center gap-2 whitespace-nowrap font-medium transition-all disabled:pointer-events-none disabled:opacity-50 [&amp;_svg]:pointer-events-none [&amp;_svg:not([class*='size-'])]:size-4 shrink-0 [&amp;_svg]:shrink-0 outline-none focus-visible:border-ring focus-visible:ring-ring/50 focus-visible:ring-[3px] aria-invalid:ring-destructive/20 dark:aria-invalid:ring-destructive/40 aria-invalid:border-destructive border bg-background shadow-xs hover:bg-accent hover:text-accent-foreground dark:bg-input/30 dark:border-input dark:hover:bg-input/50 h-10 rounded-md has-[&gt;svg]:px-4 text-lg px-8 py-4 focus-enhanced\">", "impact": "serious", "none": [], "target": [".h-10.has-\\[\\>svg\\]\\:px-4.text-lg:nth-child(2)"]}], "tags": ["cat.color", "wcag2aa", "wcag143", "TTv5", "TT13.c", "EN-301-549", "EN-9.1.4.3", "ACT"]}, {"description": "Ensure the document has a main landmark", "help": "Document should have one main landmark", "helpUrl": "https://dequeuniversity.com/rules/axe/4.10/landmark-one-main?application=axeAPI", "id": "landmark-one-main", "impact": "moderate", "nodes": [{"all": [[Object]], "any": [], "failureSummary": "Fix all of the following:
      Document does not have a main landmark", "html": "<html lang=\"en\">", "impact": "moderate", "none": [], "target": ["html"]}], "tags": ["cat.semantics", "best-practice"]}, {"description": "Ensure all page content is contained by landmarks", "help": "All page content should be contained by landmarks", "helpUrl": "https://dequeuniversity.com/rules/axe/4.10/region?application=axeAPI", "id": "region", "impact": "moderate", "nodes": [{"all": [], "any": [[Object]], "failureSummary": "Fix any of the following:
      Some page content is not contained by landmarks", "html": "<span data-slot=\"badge\" class=\"inline-flex items-center justify-center rounded-md border font-medium w-fit whitespace-nowrap shrink-0 [&amp;&gt;svg]:size-3 gap-1 [&amp;&gt;svg]:pointer-events-none focus-visible:border-ring focus-visible:ring-ring/50 focus-visible:ring-[3px] aria-invalid:ring-destructive/20 dark:aria-invalid:ring-destructive/40 aria-invalid:border-destructive transition-[color,box-shadow] overflow-hidden border-transparent bg-secondary text-secondary-foreground [a&amp;]:hover:bg-secondary/90 mb-6 text-sm px-4 py-1\">", "impact": "moderate", "none": [], "target": [".\\[a\\&\\]\\:hover\\:bg-secondary\\/90"]}, {"all": [], "any": [[Object]], "failureSummary": "Fix any of the following:
      Some page content is not contained by landmarks", "html": "<h1 class=\"text-4xl md:text-6xl lg:text-7xl font-bold text-foreground mb-6 leading-tight\">Aprenda com a <span class=\"text-primary\">Inteligência</span><br>que se adapta a você</h1>", "impact": "moderate", "none": [], "target": ["h1"]}, {"all": [], "any": [[Object]], "failureSummary": "Fix any of the following:
      Some page content is not contained by landmarks", "html": "<p class=\"text-xl md:text-2xl text-muted-foreground mb-8 max-w-3xl mx-auto leading-relaxed\">Descubra o futuro da educação com nossa plataforma que utiliza IA avançada para personalizar sua experiência de aprendizado em tempo real.</p>", "impact": "moderate", "none": [], "target": [".md\\:text-2xl"]}, {"all": [], "any": [[Object]], "failureSummary": "Fix any of the following:
      Some page content is not contained by landmarks", "html": "<div class=\"text-center mb-16\" style=\"opacity: 0; transform: translateY(20px);\">", "impact": "moderate", "none": [], "target": ["#metodologia > .max-w-7xl.sm\\:px-6.lg\\:px-8 > .mb-16.text-center"]}, {"all": [], "any": [[Object]], "failureSummary": "Fix any of the following:
      Some page content is not contained by landmarks", "html": "<div data-slot=\"card-title\" class=\"text-xl font-semibold\">Análise Neural</div>", "impact": "moderate", "none": [], "target": ["div:nth-child(1) > .hover\\:shadow-lg.transition-shadow.group > .\\@container\\/card-header.auto-rows-min.grid-rows-\\[auto_auto\\] > .font-semibold.text-xl[data-slot=\"card-title\"]"]}, {"all": [], "any": [[Object]], "failureSummary": "Fix any of the following:
      Some page content is not contained by landmarks", "html": "<div data-slot=\"card-content\" class=\"px-6\"><p class=\"text-muted-foreground text-center leading-relaxed\">Algoritmos avançados monitoram seu progresso e identificam padrões únicos de aprendizado.</p></div>", "impact": "moderate", "none": [], "target": ["div:nth-child(1) > .hover\\:shadow-lg.transition-shadow.group > .px-6[data-slot=\"card-content\"]"]}, {"all": [], "any": [[Object]], "failureSummary": "Fix any of the following:
      Some page content is not contained by landmarks", "html": "<div data-slot=\"card-title\" class=\"text-xl font-semibold\">Personalização Inteligente</div>", "impact": "moderate", "none": [], "target": ["div:nth-child(2) > .hover\\:shadow-lg.transition-shadow.group > .\\@container\\/card-header.auto-rows-min.grid-rows-\\[auto_auto\\] > .font-semibold.text-xl[data-slot=\"card-title\"]"]}, {"all": [], "any": [[Object]], "failureSummary": "Fix any of the following:
      Some page content is not contained by landmarks", "html": "<div data-slot=\"card-content\" class=\"px-6\"><p class=\"text-muted-foreground text-center leading-relaxed\">Conteúdo adaptado automaticamente ao seu ritmo, estilo e objetivos de aprendizado.</p></div>", "impact": "moderate", "none": [], "target": ["div:nth-child(2) > .hover\\:shadow-lg.transition-shadow.group > .px-6[data-slot=\"card-content\"]"]}, {"all": [], "any": [[Object]], "failureSummary": "Fix any of the following:
      Some page content is not contained by landmarks", "html": "<div data-slot=\"card-title\" class=\"text-xl font-semibold\">Otimização Contínua</div>", "impact": "moderate", "none": [], "target": ["div:nth-child(3) > .hover\\:shadow-lg.transition-shadow.group > .\\@container\\/card-header.auto-rows-min.grid-rows-\\[auto_auto\\] > .font-semibold.text-xl[data-slot=\"card-title\"]"]}, {"all": [], "any": [[Object]], "failureSummary": "Fix any of the following:
      Some page content is not contained by landmarks", "html": "<div data-slot=\"card-content\" class=\"px-6\"><p class=\"text-muted-foreground text-center leading-relaxed\">Sistema que evolui com você, melhorando constantemente sua experiência educacional.</p></div>", "impact": "moderate", "none": [], "target": ["div:nth-child(3) > .hover\\:shadow-lg.transition-shadow.group > .px-6[data-slot=\"card-content\"]"]}, …], "tags": ["cat.keyboard", "best-practice"]}]

      82 |
      83 |     // @ts-expect-error - axe-core types
    > 84 |     expect(results.violations).toHaveLength(0);
         |                                ^
      85 |   });
      86 |
      87 |   test('should be keyboard navigable', async ({ page }) => {
        at /home/runner/work/Teach-Educa/Teach-Educa/tests/accessibility/a11y.spec.ts:84:32

    attachment #1: screenshot (image/png) ──────────────────────────────────────────────────────────
    ../test-results/accessibility-a11y-Accessi-7d47d-e-sufficient-color-contrast-chromium-retry1/test-failed-1.png
    ────────────────────────────────────────────────────────────────────────────────────────────────

    Error Context: ../test-results/accessibility-a11y-Accessi-7d47d-e-sufficient-color-contrast-chromium-retry1/error-context.md

    Retry #2 ───────────────────────────────────────────────────────────────────────────────────────

    Error: expect(received).toHaveLength(expected)

    Expected length: 0
    Received length: 3
    Received array:  [{"description": "Ensure the contrast between foreground and background colors meets WCAG 2 AA minimum contrast ratio thresholds", "help": "Elements must meet minimum color contrast ratio thresholds", "helpUrl": "https://dequeuniversity.com/rules/axe/4.10/color-contrast?application=axeAPI", "id": "color-contrast", "impact": "serious", "nodes": [{"all": [], "any": [[Object]], "failureSummary": "Fix any of the following:
      Element has insufficient color contrast of 4.1 (foreground color: #ffffff, background color: #4b79e0, font size: 10.5pt (14px), font weight: normal). Expected contrast ratio of 4.5:1", "html": "<button data-slot=\"button\" class=\"inline-flex items-center justify-center gap-2 whitespace-nowrap rounded-md text-sm font-medium transition-all disabled:pointer-events-none disabled:opacity-50 [&amp;_svg]:pointer-events-none [&amp;_svg:not([class*='size-'])]:size-4 shrink-0 [&amp;_svg]:shrink-0 outline-none focus-visible:border-ring focus-visible:ring-ring/50 focus-visible:ring-[3px] aria-invalid:ring-destructive/20 dark:aria-invalid:ring-destructive/40 aria-invalid:border-destructive bg-primary text-primary-foreground shadow-xs hover:bg-primary/90 h-9 px-4 py-2 has-[&gt;svg]:px-3 focus-enhanced\">", "impact": "serious", "none": [], "target": [".hidden > .bg-primary.hover\\:bg-primary\\/90.text-primary-foreground"]}, {"all": [], "any": [[Object]], "failureSummary": "Fix any of the following:
      Element has insufficient color contrast of 1.38 (foreground color: #d1d3d6, background color: #f5f6f6, font size: 10.5pt (14px), font weight: normal). Expected contrast ratio of 4.5:1", "html": "<span data-slot=\"badge\" class=\"inline-flex items-center justify-center rounded-md border font-medium w-fit whitespace-nowrap shrink-0 [&amp;&gt;svg]:size-3 gap-1 [&amp;&gt;svg]:pointer-events-none focus-visible:border-ring focus-visible:ring-ring/50 focus-visible:ring-[3px] aria-invalid:ring-destructive/20 dark:aria-invalid:ring-destructive/40 aria-invalid:border-destructive transition-[color,box-shadow] overflow-hidden border-transparent bg-secondary text-secondary-foreground [a&amp;]:hover:bg-secondary/90 mb-6 text-sm px-4 py-1\">", "impact": "serious", "none": [], "target": [".\\[a\\&\\]\\:hover\\:bg-secondary\\/90"]}, {"all": [], "any": [[Object]], "failureSummary": "Fix any of the following:
      Element has insufficient color contrast of 1.41 (foreground color: #ffffff, background color: #ccd9f6, font size: 13.5pt (18px), font weight: normal). Expected contrast ratio of 4.5:1", "html": "<button data-slot=\"button\" class=\"inline-flex items-center justify-center gap-2 whitespace-nowrap font-medium transition-all disabled:pointer-events-none disabled:opacity-50 [&amp;_svg]:pointer-events-none [&amp;_svg:not([class*='size-'])]:size-4 shrink-0 [&amp;_svg]:shrink-0 outline-none focus-visible:border-ring focus-visible:ring-ring/50 focus-visible:ring-[3px] aria-invalid:ring-destructive/20 dark:aria-invalid:ring-destructive/40 aria-invalid:border-destructive bg-primary text-primary-foreground shadow-xs hover:bg-primary/90 h-10 rounded-md has-[&gt;svg]:px-4 text-lg px-8 py-4 focus-enhanced\">", "impact": "serious", "none": [], "target": [".bg-primary.hover\\:bg-primary\\/90.h-10"]}, {"all": [], "any": [[Object]], "failureSummary": "Fix any of the following:
      Element has insufficient color contrast of 1.82 (foreground color: #bfc0c2, background color: #ffffff, font size: 13.5pt (18px), font weight: normal). Expected contrast ratio of 4.5:1", "html": "<button data-slot=\"button\" class=\"inline-flex items-center justify-center gap-2 whitespace-nowrap font-medium transition-all disabled:pointer-events-none disabled:opacity-50 [&amp;_svg]:pointer-events-none [&amp;_svg:not([class*='size-'])]:size-4 shrink-0 [&amp;_svg]:shrink-0 outline-none focus-visible:border-ring focus-visible:ring-ring/50 focus-visible:ring-[3px] aria-invalid:ring-destructive/20 dark:aria-invalid:ring-destructive/40 aria-invalid:border-destructive border bg-background shadow-xs hover:bg-accent hover:text-accent-foreground dark:bg-input/30 dark:border-input dark:hover:bg-input/50 h-10 rounded-md has-[&gt;svg]:px-4 text-lg px-8 py-4 focus-enhanced\">", "impact": "serious", "none": [], "target": [".h-10.has-\\[\\>svg\\]\\:px-4.text-lg:nth-child(2)"]}], "tags": ["cat.color", "wcag2aa", "wcag143", "TTv5", "TT13.c", "EN-301-549", "EN-9.1.4.3", "ACT"]}, {"description": "Ensure the document has a main landmark", "help": "Document should have one main landmark", "helpUrl": "https://dequeuniversity.com/rules/axe/4.10/landmark-one-main?application=axeAPI", "id": "landmark-one-main", "impact": "moderate", "nodes": [{"all": [[Object]], "any": [], "failureSummary": "Fix all of the following:
      Document does not have a main landmark", "html": "<html lang=\"en\">", "impact": "moderate", "none": [], "target": ["html"]}], "tags": ["cat.semantics", "best-practice"]}, {"description": "Ensure all page content is contained by landmarks", "help": "All page content should be contained by landmarks", "helpUrl": "https://dequeuniversity.com/rules/axe/4.10/region?application=axeAPI", "id": "region", "impact": "moderate", "nodes": [{"all": [], "any": [[Object]], "failureSummary": "Fix any of the following:
      Some page content is not contained by landmarks", "html": "<span data-slot=\"badge\" class=\"inline-flex items-center justify-center rounded-md border font-medium w-fit whitespace-nowrap shrink-0 [&amp;&gt;svg]:size-3 gap-1 [&amp;&gt;svg]:pointer-events-none focus-visible:border-ring focus-visible:ring-ring/50 focus-visible:ring-[3px] aria-invalid:ring-destructive/20 dark:aria-invalid:ring-destructive/40 aria-invalid:border-destructive transition-[color,box-shadow] overflow-hidden border-transparent bg-secondary text-secondary-foreground [a&amp;]:hover:bg-secondary/90 mb-6 text-sm px-4 py-1\">", "impact": "moderate", "none": [], "target": [".\\[a\\&\\]\\:hover\\:bg-secondary\\/90"]}, {"all": [], "any": [[Object]], "failureSummary": "Fix any of the following:
      Some page content is not contained by landmarks", "html": "<h1 class=\"text-4xl md:text-6xl lg:text-7xl font-bold text-foreground mb-6 leading-tight\">Aprenda com a <span class=\"text-primary\">Inteligência</span><br>que se adapta a você</h1>", "impact": "moderate", "none": [], "target": ["h1"]}, {"all": [], "any": [[Object]], "failureSummary": "Fix any of the following:
      Some page content is not contained by landmarks", "html": "<p class=\"text-xl md:text-2xl text-muted-foreground mb-8 max-w-3xl mx-auto leading-relaxed\">Descubra o futuro da educação com nossa plataforma que utiliza IA avançada para personalizar sua experiência de aprendizado em tempo real.</p>", "impact": "moderate", "none": [], "target": [".md\\:text-2xl"]}, {"all": [], "any": [[Object]], "failureSummary": "Fix any of the following:
      Some page content is not contained by landmarks", "html": "<div class=\"text-center mb-16\" style=\"opacity: 0; transform: translateY(20px);\">", "impact": "moderate", "none": [], "target": ["#metodologia > .max-w-7xl.sm\\:px-6.lg\\:px-8 > .mb-16.text-center"]}, {"all": [], "any": [[Object]], "failureSummary": "Fix any of the following:
      Some page content is not contained by landmarks", "html": "<div data-slot=\"card-title\" class=\"text-xl font-semibold\">Análise Neural</div>", "impact": "moderate", "none": [], "target": ["div:nth-child(1) > .hover\\:shadow-lg.transition-shadow.group > .\\@container\\/card-header.auto-rows-min.grid-rows-\\[auto_auto\\] > .font-semibold.text-xl[data-slot=\"card-title\"]"]}, {"all": [], "any": [[Object]], "failureSummary": "Fix any of the following:
      Some page content is not contained by landmarks", "html": "<div data-slot=\"card-content\" class=\"px-6\"><p class=\"text-muted-foreground text-center leading-relaxed\">Algoritmos avançados monitoram seu progresso e identificam padrões únicos de aprendizado.</p></div>", "impact": "moderate", "none": [], "target": ["div:nth-child(1) > .hover\\:shadow-lg.transition-shadow.group > .px-6[data-slot=\"card-content\"]"]}, {"all": [], "any": [[Object]], "failureSummary": "Fix any of the following:
      Some page content is not contained by landmarks", "html": "<div data-slot=\"card-title\" class=\"text-xl font-semibold\">Personalização Inteligente</div>", "impact": "moderate", "none": [], "target": ["div:nth-child(2) > .hover\\:shadow-lg.transition-shadow.group > .\\@container\\/card-header.auto-rows-min.grid-rows-\\[auto_auto\\] > .font-semibold.text-xl[data-slot=\"card-title\"]"]}, {"all": [], "any": [[Object]], "failureSummary": "Fix any of the following:
      Some page content is not contained by landmarks", "html": "<div data-slot=\"card-content\" class=\"px-6\"><p class=\"text-muted-foreground text-center leading-relaxed\">Conteúdo adaptado automaticamente ao seu ritmo, estilo e objetivos de aprendizado.</p></div>", "impact": "moderate", "none": [], "target": ["div:nth-child(2) > .hover\\:shadow-lg.transition-shadow.group > .px-6[data-slot=\"card-content\"]"]}, {"all": [], "any": [[Object]], "failureSummary": "Fix any of the following:
      Some page content is not contained by landmarks", "html": "<div data-slot=\"card-title\" class=\"text-xl font-semibold\">Otimização Contínua</div>", "impact": "moderate", "none": [], "target": ["div:nth-child(3) > .hover\\:shadow-lg.transition-shadow.group > .\\@container\\/card-header.auto-rows-min.grid-rows-\\[auto_auto\\] > .font-semibold.text-xl[data-slot=\"card-title\"]"]}, {"all": [], "any": [[Object]], "failureSummary": "Fix any of the following:
      Some page content is not contained by landmarks", "html": "<div data-slot=\"card-content\" class=\"px-6\"><p class=\"text-muted-foreground text-center leading-relaxed\">Sistema que evolui com você, melhorando constantemente sua experiência educacional.</p></div>", "impact": "moderate", "none": [], "target": ["div:nth-child(3) > .hover\\:shadow-lg.transition-shadow.group > .px-6[data-slot=\"card-content\"]"]}, …], "tags": ["cat.keyboard", "best-practice"]}]

      82 |
      83 |     // @ts-expect-error - axe-core types
    > 84 |     expect(results.violations).toHaveLength(0);
         |                                ^
      85 |   });
      86 |
      87 |   test('should be keyboard navigable', async ({ page }) => {
        at /home/runner/work/Teach-Educa/Teach-Educa/tests/accessibility/a11y.spec.ts:84:32

    attachment #1: screenshot (image/png) ──────────────────────────────────────────────────────────
    ../test-results/accessibility-a11y-Accessi-7d47d-e-sufficient-color-contrast-chromium-retry2/test-failed-1.png
    ────────────────────────────────────────────────────────────────────────────────────────────────

    Error Context: ../test-results/accessibility-a11y-Accessi-7d47d-e-sufficient-color-contrast-chromium-retry2/error-context.md
]]>
</failure>
<system-out>
<![CDATA[
[[ATTACHMENT|test-results/accessibility-a11y-Accessi-7d47d-e-sufficient-color-contrast-chromium/test-failed-1.png]]

[[ATTACHMENT|test-results/accessibility-a11y-Accessi-7d47d-e-sufficient-color-contrast-chromium/error-context.md]]

[[ATTACHMENT|test-results/accessibility-a11y-Accessi-7d47d-e-sufficient-color-contrast-chromium-retry1/test-failed-1.png]]

[[ATTACHMENT|test-results/accessibility-a11y-Accessi-7d47d-e-sufficient-color-contrast-chromium-retry1/error-context.md]]

[[ATTACHMENT|test-results/accessibility-a11y-Accessi-7d47d-e-sufficient-color-contrast-chromium-retry2/test-failed-1.png]]

[[ATTACHMENT|test-results/accessibility-a11y-Accessi-7d47d-e-sufficient-color-contrast-chromium-retry2/error-context.md]]
]]>
</system-out>
</testcase>
<testcase name="Accessibility Tests › should be keyboard navigable" classname="accessibility/a11y.spec.ts" time="2.556">
</testcase>
<testcase name="Accessibility Tests › should support screen readers with ARIA attributes" classname="accessibility/a11y.spec.ts" time="9.039">
<failure message="a11y.spec.ts:112:3 should support screen readers with ARIA attributes" type="FAILURE">
<![CDATA[  [chromium] › accessibility/a11y.spec.ts:112:3 › Accessibility Tests › should support screen readers with ARIA attributes 

    Error: expect(received).toBeTruthy()

    Received: false

      147 |           'tab', 'tablist', 'tabpanel', 'menu', 'menubar', 'menuitem'
      148 |         ];
    > 149 |         expect(validRoles.includes(role)).toBeTruthy();
          |                                           ^
      150 |       }
      151 |     }
      152 |   });
        at /home/runner/work/Teach-Educa/Teach-Educa/tests/accessibility/a11y.spec.ts:149:43

    attachment #1: screenshot (image/png) ──────────────────────────────────────────────────────────
    ../test-results/accessibility-a11y-Accessi-ed532-eaders-with-ARIA-attributes-chromium/test-failed-1.png
    ────────────────────────────────────────────────────────────────────────────────────────────────

    Error Context: ../test-results/accessibility-a11y-Accessi-ed532-eaders-with-ARIA-attributes-chromium/error-context.md

    Retry #1 ───────────────────────────────────────────────────────────────────────────────────────

    Error: expect(received).toBeTruthy()

    Received: false

      147 |           'tab', 'tablist', 'tabpanel', 'menu', 'menubar', 'menuitem'
      148 |         ];
    > 149 |         expect(validRoles.includes(role)).toBeTruthy();
          |                                           ^
      150 |       }
      151 |     }
      152 |   });
        at /home/runner/work/Teach-Educa/Teach-Educa/tests/accessibility/a11y.spec.ts:149:43

    attachment #1: screenshot (image/png) ──────────────────────────────────────────────────────────
    ../test-results/accessibility-a11y-Accessi-ed532-eaders-with-ARIA-attributes-chromium-retry1/test-failed-1.png
    ────────────────────────────────────────────────────────────────────────────────────────────────

    Error Context: ../test-results/accessibility-a11y-Accessi-ed532-eaders-with-ARIA-attributes-chromium-retry1/error-context.md

    Retry #2 ───────────────────────────────────────────────────────────────────────────────────────

    Error: expect(received).toBeTruthy()

    Received: false

      147 |           'tab', 'tablist', 'tabpanel', 'menu', 'menubar', 'menuitem'
      148 |         ];
    > 149 |         expect(validRoles.includes(role)).toBeTruthy();
          |                                           ^
      150 |       }
      151 |     }
      152 |   });
        at /home/runner/work/Teach-Educa/Teach-Educa/tests/accessibility/a11y.spec.ts:149:43

    attachment #1: screenshot (image/png) ──────────────────────────────────────────────────────────
    ../test-results/accessibility-a11y-Accessi-ed532-eaders-with-ARIA-attributes-chromium-retry2/test-failed-1.png
    ────────────────────────────────────────────────────────────────────────────────────────────────

    Error Context: ../test-results/accessibility-a11y-Accessi-ed532-eaders-with-ARIA-attributes-chromium-retry2/error-context.md
]]>
</failure>
<system-out>
<![CDATA[
[[ATTACHMENT|test-results/accessibility-a11y-Accessi-ed532-eaders-with-ARIA-attributes-chromium/test-failed-1.png]]

[[ATTACHMENT|test-results/accessibility-a11y-Accessi-ed532-eaders-with-ARIA-attributes-chromium/error-context.md]]

[[ATTACHMENT|test-results/accessibility-a11y-Accessi-ed532-eaders-with-ARIA-attributes-chromium-retry1/test-failed-1.png]]

[[ATTACHMENT|test-results/accessibility-a11y-Accessi-ed532-eaders-with-ARIA-attributes-chromium-retry1/error-context.md]]

[[ATTACHMENT|test-results/accessibility-a11y-Accessi-ed532-eaders-with-ARIA-attributes-chromium-retry2/test-failed-1.png]]

[[ATTACHMENT|test-results/accessibility-a11y-Accessi-ed532-eaders-with-ARIA-attributes-chromium-retry2/error-context.md]]
]]>
</system-out>
</testcase>
<testcase name="Accessibility Tests › should have proper focus indicators" classname="accessibility/a11y.spec.ts" time="2.517">
</testcase>
<testcase name="Accessibility Tests › should have proper language attributes" classname="accessibility/a11y.spec.ts" time="1.766">
</testcase>
<testcase name="Accessibility Tests › should have meaningful page title" classname="accessibility/a11y.spec.ts" time="1.667">
</testcase>
<testcase name="Accessibility Tests › should handle high contrast mode" classname="accessibility/a11y.spec.ts" time="2.019">
</testcase>
<testcase name="Accessibility Tests › should support reduced motion preferences" classname="accessibility/a11y.spec.ts" time="8.753">
<failure message="a11y.spec.ts:235:3 should support reduced motion preferences" type="FAILURE">
<![CDATA[  [chromium] › accessibility/a11y.spec.ts:235:3 › Accessibility Tests › should support reduced motion preferences 

    Error: expect(received).toBeLessThanOrEqual(expected)

    Expected: <= 0.1
    Received:    0.2

      256 |       if (computedStyle.animationDuration !== 'none') {
      257 |         const duration = parseFloat(computedStyle.animationDuration);
    > 258 |         expect(duration).toBeLessThanOrEqual(0.1); // 100ms or less
          |                          ^
      259 |       }
      260 |     }
      261 |   });
        at /home/runner/work/Teach-Educa/Teach-Educa/tests/accessibility/a11y.spec.ts:258:26

    attachment #1: screenshot (image/png) ──────────────────────────────────────────────────────────
    ../test-results/accessibility-a11y-Accessi-10f74--reduced-motion-preferences-chromium/test-failed-1.png
    ────────────────────────────────────────────────────────────────────────────────────────────────

    Error Context: ../test-results/accessibility-a11y-Accessi-10f74--reduced-motion-preferences-chromium/error-context.md

    Retry #1 ───────────────────────────────────────────────────────────────────────────────────────

    Error: expect(received).toBeLessThanOrEqual(expected)

    Expected: <= 0.1
    Received:    0.2

      256 |       if (computedStyle.animationDuration !== 'none') {
      257 |         const duration = parseFloat(computedStyle.animationDuration);
    > 258 |         expect(duration).toBeLessThanOrEqual(0.1); // 100ms or less
          |                          ^
      259 |       }
      260 |     }
      261 |   });
        at /home/runner/work/Teach-Educa/Teach-Educa/tests/accessibility/a11y.spec.ts:258:26

    attachment #1: screenshot (image/png) ──────────────────────────────────────────────────────────
    ../test-results/accessibility-a11y-Accessi-10f74--reduced-motion-preferences-chromium-retry1/test-failed-1.png
    ────────────────────────────────────────────────────────────────────────────────────────────────

    Error Context: ../test-results/accessibility-a11y-Accessi-10f74--reduced-motion-preferences-chromium-retry1/error-context.md

    Retry #2 ───────────────────────────────────────────────────────────────────────────────────────

    Error: expect(received).toBeLessThanOrEqual(expected)

    Expected: <= 0.1
    Received:    0.2

      256 |       if (computedStyle.animationDuration !== 'none') {
      257 |         const duration = parseFloat(computedStyle.animationDuration);
    > 258 |         expect(duration).toBeLessThanOrEqual(0.1); // 100ms or less
          |                          ^
      259 |       }
      260 |     }
      261 |   });
        at /home/runner/work/Teach-Educa/Teach-Educa/tests/accessibility/a11y.spec.ts:258:26

    attachment #1: screenshot (image/png) ──────────────────────────────────────────────────────────
    ../test-results/accessibility-a11y-Accessi-10f74--reduced-motion-preferences-chromium-retry2/test-failed-1.png
    ────────────────────────────────────────────────────────────────────────────────────────────────

    Error Context: ../test-results/accessibility-a11y-Accessi-10f74--reduced-motion-preferences-chromium-retry2/error-context.md
]]>
</failure>
<system-out>
<![CDATA[
[[ATTACHMENT|test-results/accessibility-a11y-Accessi-10f74--reduced-motion-preferences-chromium/test-failed-1.png]]

[[ATTACHMENT|test-results/accessibility-a11y-Accessi-10f74--reduced-motion-preferences-chromium/error-context.md]]

[[ATTACHMENT|test-results/accessibility-a11y-Accessi-10f74--reduced-motion-preferences-chromium-retry1/test-failed-1.png]]

[[ATTACHMENT|test-results/accessibility-a11y-Accessi-10f74--reduced-motion-preferences-chromium-retry1/error-context.md]]

[[ATTACHMENT|test-results/accessibility-a11y-Accessi-10f74--reduced-motion-preferences-chromium-retry2/test-failed-1.png]]

[[ATTACHMENT|test-results/accessibility-a11y-Accessi-10f74--reduced-motion-preferences-chromium-retry2/error-context.md]]
]]>
</system-out>
</testcase>
<testcase name="Accessibility Tests › should have proper modal accessibility" classname="accessibility/a11y.spec.ts" time="1.794">
</testcase>
<testcase name="Accessibility Tests › should have accessible error messages" classname="accessibility/a11y.spec.ts" time="1.679">
</testcase>
<testcase name="Accessibility Tests › should pass axe-core accessibility audit" classname="accessibility/a11y.spec.ts" time="10.12">
<failure message="a11y.spec.ts:335:3 should pass axe-core accessibility audit" type="FAILURE">
<![CDATA[  [chromium] › accessibility/a11y.spec.ts:335:3 › Accessibility Tests › should pass axe-core accessibility audit 

    Error: expect(received).toHaveLength(expected)

    Expected length: 0
    Received length: 1
    Received array:  [{"description": "Ensure the contrast between foreground and background colors meets WCAG 2 AA minimum contrast ratio thresholds", "help": "Elements must meet minimum color contrast ratio thresholds", "helpUrl": "https://dequeuniversity.com/rules/axe/4.10/color-contrast?application=axeAPI", "id": "color-contrast", "impact": "serious", "nodes": [{"all": [], "any": [{"data": {"bgColor": "#4b79e0", "contrastRatio": 4.1, "expectedContrastRatio": "4.5:1", "fgColor": "#ffffff", "fontSize": "10.5pt (14px)", "fontWeight": "normal", "messageKey": null, "shadowColor": undefined}, "id": "color-contrast", "impact": "serious", "message": "Element has insufficient color contrast of 4.1 (foreground color: #ffffff, background color: #4b79e0, font size: 10.5pt (14px), font weight: normal). Expected contrast ratio of 4.5:1", "relatedNodes": [{"html": "<button data-slot=\"button\" class=\"inline-flex items-center justify-center gap-2 whitespace-nowrap rounded-md text-sm font-medium transition-all disabled:pointer-events-none disabled:opacity-50 [&amp;_svg]:pointer-events-none [&amp;_svg:not([class*='size-'])]:size-4 shrink-0 [&amp;_svg]:shrink-0 outline-none focus-visible:border-ring focus-visible:ring-ring/50 focus-visible:ring-[3px] aria-invalid:ring-destructive/20 dark:aria-invalid:ring-destructive/40 aria-invalid:border-destructive bg-primary text-primary-foreground shadow-xs hover:bg-primary/90 h-9 px-4 py-2 has-[&gt;svg]:px-3 focus-enhanced\">", "target": [".hidden > .bg-primary.hover\\:bg-primary\\/90.text-primary-foreground"]}]}], "failureSummary": "Fix any of the following:
      Element has insufficient color contrast of 4.1 (foreground color: #ffffff, background color: #4b79e0, font size: 10.5pt (14px), font weight: normal). Expected contrast ratio of 4.5:1", "html": "<button data-slot=\"button\" class=\"inline-flex items-center justify-center gap-2 whitespace-nowrap rounded-md text-sm font-medium transition-all disabled:pointer-events-none disabled:opacity-50 [&amp;_svg]:pointer-events-none [&amp;_svg:not([class*='size-'])]:size-4 shrink-0 [&amp;_svg]:shrink-0 outline-none focus-visible:border-ring focus-visible:ring-ring/50 focus-visible:ring-[3px] aria-invalid:ring-destructive/20 dark:aria-invalid:ring-destructive/40 aria-invalid:border-destructive bg-primary text-primary-foreground shadow-xs hover:bg-primary/90 h-9 px-4 py-2 has-[&gt;svg]:px-3 focus-enhanced\">", "impact": "serious", "none": [], "target": [".hidden > .bg-primary.hover\\:bg-primary\\/90.text-primary-foreground"]}, {"all": [], "any": [{"data": {"bgColor": "#f6f6f7", "contrastRatio": 1.33, "expectedContrastRatio": "4.5:1", "fgColor": "#d5d7da", "fontSize": "10.5pt (14px)", "fontWeight": "normal", "messageKey": null, "shadowColor": undefined}, "id": "color-contrast", "impact": "serious", "message": "Element has insufficient color contrast of 1.33 (foreground color: #d5d7da, background color: #f6f6f7, font size: 10.5pt (14px), font weight: normal). Expected contrast ratio of 4.5:1", "relatedNodes": [{"html": "<span data-slot=\"badge\" class=\"inline-flex items-center justify-center rounded-md border font-medium w-fit whitespace-nowrap shrink-0 [&amp;&gt;svg]:size-3 gap-1 [&amp;&gt;svg]:pointer-events-none focus-visible:border-ring focus-visible:ring-ring/50 focus-visible:ring-[3px] aria-invalid:ring-destructive/20 dark:aria-invalid:ring-destructive/40 aria-invalid:border-destructive transition-[color,box-shadow] overflow-hidden border-transparent bg-secondary text-secondary-foreground [a&amp;]:hover:bg-secondary/90 mb-6 text-sm px-4 py-1\">", "target": [".\\[a\\&\\]\\:hover\\:bg-secondary\\/90"]}]}], "failureSummary": "Fix any of the following:
      Element has insufficient color contrast of 1.33 (foreground color: #d5d7da, background color: #f6f6f7, font size: 10.5pt (14px), font weight: normal). Expected contrast ratio of 4.5:1", "html": "<span data-slot=\"badge\" class=\"inline-flex items-center justify-center rounded-md border font-medium w-fit whitespace-nowrap shrink-0 [&amp;&gt;svg]:size-3 gap-1 [&amp;&gt;svg]:pointer-events-none focus-visible:border-ring focus-visible:ring-ring/50 focus-visible:ring-[3px] aria-invalid:ring-destructive/20 dark:aria-invalid:ring-destructive/40 aria-invalid:border-destructive transition-[color,box-shadow] overflow-hidden border-transparent bg-secondary text-secondary-foreground [a&amp;]:hover:bg-secondary/90 mb-6 text-sm px-4 py-1\">", "impact": "serious", "none": [], "target": [".\\[a\\&\\]\\:hover\\:bg-secondary\\/90"]}, {"all": [], "any": [{"data": {"bgColor": "#d1dcf7", "contrastRatio": 1.37, "expectedContrastRatio": "4.5:1", "fgColor": "#ffffff", "fontSize": "13.5pt (18px)", "fontWeight": "normal", "messageKey": null, "shadowColor": undefined}, "id": "color-contrast", "impact": "serious", "message": "Element has insufficient color contrast of 1.37 (foreground color: #ffffff, background color: #d1dcf7, font size: 13.5pt (18px), font weight: normal). Expected contrast ratio of 4.5:1", "relatedNodes": [{"html": "<button data-slot=\"button\" class=\"inline-flex items-center justify-center gap-2 whitespace-nowrap font-medium transition-all disabled:pointer-events-none disabled:opacity-50 [&amp;_svg]:pointer-events-none [&amp;_svg:not([class*='size-'])]:size-4 shrink-0 [&amp;_svg]:shrink-0 outline-none focus-visible:border-ring focus-visible:ring-ring/50 focus-visible:ring-[3px] aria-invalid:ring-destructive/20 dark:aria-invalid:ring-destructive/40 aria-invalid:border-destructive bg-primary text-primary-foreground shadow-xs hover:bg-primary/90 h-10 rounded-md has-[&gt;svg]:px-4 text-lg px-8 py-4 focus-enhanced\">", "target": [".bg-primary.hover\\:bg-primary\\/90.h-10"]}]}], "failureSummary": "Fix any of the following:
      Element has insufficient color contrast of 1.37 (foreground color: #ffffff, background color: #d1dcf7, font size: 13.5pt (18px), font weight: normal). Expected contrast ratio of 4.5:1", "html": "<button data-slot=\"button\" class=\"inline-flex items-center justify-center gap-2 whitespace-nowrap font-medium transition-all disabled:pointer-events-none disabled:opacity-50 [&amp;_svg]:pointer-events-none [&amp;_svg:not([class*='size-'])]:size-4 shrink-0 [&amp;_svg]:shrink-0 outline-none focus-visible:border-ring focus-visible:ring-ring/50 focus-visible:ring-[3px] aria-invalid:ring-destructive/20 dark:aria-invalid:ring-destructive/40 aria-invalid:border-destructive bg-primary text-primary-foreground shadow-xs hover:bg-primary/90 h-10 rounded-md has-[&gt;svg]:px-4 text-lg px-8 py-4 focus-enhanced\">", "impact": "serious", "none": [], "target": [".bg-primary.hover\\:bg-primary\\/90.h-10"]}, {"all": [], "any": [{"data": {"bgColor": "#ffffff", "contrastRatio": 1.7, "expectedContrastRatio": "4.5:1", "fgColor": "#c5c6c8", "fontSize": "13.5pt (18px)", "fontWeight": "normal", "messageKey": null, "shadowColor": undefined}, "id": "color-contrast", "impact": "serious", "message": "Element has insufficient color contrast of 1.7 (foreground color: #c5c6c8, background color: #ffffff, font size: 13.5pt (18px), font weight: normal). Expected contrast ratio of 4.5:1", "relatedNodes": [{"html": "<button data-slot=\"button\" class=\"inline-flex items-center justify-center gap-2 whitespace-nowrap font-medium transition-all disabled:pointer-events-none disabled:opacity-50 [&amp;_svg]:pointer-events-none [&amp;_svg:not([class*='size-'])]:size-4 shrink-0 [&amp;_svg]:shrink-0 outline-none focus-visible:border-ring focus-visible:ring-ring/50 focus-visible:ring-[3px] aria-invalid:ring-destructive/20 dark:aria-invalid:ring-destructive/40 aria-invalid:border-destructive border bg-background shadow-xs hover:bg-accent hover:text-accent-foreground dark:bg-input/30 dark:border-input dark:hover:bg-input/50 h-10 rounded-md has-[&gt;svg]:px-4 text-lg px-8 py-4 focus-enhanced\">", "target": [".h-10.has-\\[\\>svg\\]\\:px-4.text-lg:nth-child(2)"]}]}], "failureSummary": "Fix any of the following:
      Element has insufficient color contrast of 1.7 (foreground color: #c5c6c8, background color: #ffffff, font size: 13.5pt (18px), font weight: normal). Expected contrast ratio of 4.5:1", "html": "<button data-slot=\"button\" class=\"inline-flex items-center justify-center gap-2 whitespace-nowrap font-medium transition-all disabled:pointer-events-none disabled:opacity-50 [&amp;_svg]:pointer-events-none [&amp;_svg:not([class*='size-'])]:size-4 shrink-0 [&amp;_svg]:shrink-0 outline-none focus-visible:border-ring focus-visible:ring-ring/50 focus-visible:ring-[3px] aria-invalid:ring-destructive/20 dark:aria-invalid:ring-destructive/40 aria-invalid:border-destructive border bg-background shadow-xs hover:bg-accent hover:text-accent-foreground dark:bg-input/30 dark:border-input dark:hover:bg-input/50 h-10 rounded-md has-[&gt;svg]:px-4 text-lg px-8 py-4 focus-enhanced\">", "impact": "serious", "none": [], "target": [".h-10.has-\\[\\>svg\\]\\:px-4.text-lg:nth-child(2)"]}], "tags": ["cat.color", "wcag2aa", "wcag143", "TTv5", "TT13.c", "EN-301-549", "EN-9.1.4.3", "ACT"]}]

      365 |     );
      366 |     
    > 367 |     expect(criticalViolations).toHaveLength(0);
          |                                ^
      368 |   });
      369 | });
        at /home/runner/work/Teach-Educa/Teach-Educa/tests/accessibility/a11y.spec.ts:367:32

    attachment #1: screenshot (image/png) ──────────────────────────────────────────────────────────
    ../test-results/accessibility-a11y-Accessi-7a121-xe-core-accessibility-audit-chromium/test-failed-1.png
    ────────────────────────────────────────────────────────────────────────────────────────────────

    Error Context: ../test-results/accessibility-a11y-Accessi-7a121-xe-core-accessibility-audit-chromium/error-context.md

    Retry #1 ───────────────────────────────────────────────────────────────────────────────────────

    Error: expect(received).toHaveLength(expected)

    Expected length: 0
    Received length: 1
    Received array:  [{"description": "Ensure the contrast between foreground and background colors meets WCAG 2 AA minimum contrast ratio thresholds", "help": "Elements must meet minimum color contrast ratio thresholds", "helpUrl": "https://dequeuniversity.com/rules/axe/4.10/color-contrast?application=axeAPI", "id": "color-contrast", "impact": "serious", "nodes": [{"all": [], "any": [[Object]], "failureSummary": "Fix any of the following:
      Element has insufficient color contrast of 2.41 (foreground color: #a5a7aa, background color: #ffffff, font size: 18.0pt (24px), font weight: bold). Expected contrast ratio of 3:1", "html": "<span class=\"text-2xl font-bold text-foreground\">TeacH</span>", "impact": "serious", "none": [], "target": [".h-16 > .space-x-2.items-center.flex > .text-2xl.font-bold.text-foreground"]}, {"all": [], "any": [[Object]], "failureSummary": "Fix any of the following:
      Element has insufficient color contrast of 4.1 (foreground color: #ffffff, background color: #4b79e0, font size: 10.5pt (14px), font weight: normal). Expected contrast ratio of 4.5:1", "html": "<button data-slot=\"button\" class=\"inline-flex items-center justify-center gap-2 whitespace-nowrap rounded-md text-sm font-medium transition-all disabled:pointer-events-none disabled:opacity-50 [&amp;_svg]:pointer-events-none [&amp;_svg:not([class*='size-'])]:size-4 shrink-0 [&amp;_svg]:shrink-0 outline-none focus-visible:border-ring focus-visible:ring-ring/50 focus-visible:ring-[3px] aria-invalid:ring-destructive/20 dark:aria-invalid:ring-destructive/40 aria-invalid:border-destructive bg-primary text-primary-foreground shadow-xs hover:bg-primary/90 h-9 px-4 py-2 has-[&gt;svg]:px-3 focus-enhanced\">", "impact": "serious", "none": [], "target": [".hidden > .bg-primary.hover\\:bg-primary\\/90.text-primary-foreground"]}, {"all": [], "any": [[Object]], "failureSummary": "Fix any of the following:
      Element has insufficient color contrast of 1.26 (foreground color: #dcdee0, background color: #f7f8f8, font size: 10.5pt (14px), font weight: normal). Expected contrast ratio of 4.5:1", "html": "<span data-slot=\"badge\" class=\"inline-flex items-center justify-center rounded-md border font-medium w-fit whitespace-nowrap shrink-0 [&amp;&gt;svg]:size-3 gap-1 [&amp;&gt;svg]:pointer-events-none focus-visible:border-ring focus-visible:ring-ring/50 focus-visible:ring-[3px] aria-invalid:ring-destructive/20 dark:aria-invalid:ring-destructive/40 aria-invalid:border-destructive transition-[color,box-shadow] overflow-hidden border-transparent bg-secondary text-secondary-foreground [a&amp;]:hover:bg-secondary/90 mb-6 text-sm px-4 py-1\">", "impact": "serious", "none": [], "target": [".\\[a\\&\\]\\:hover\\:bg-secondary\\/90"]}, {"all": [], "any": [[Object]], "failureSummary": "Fix any of the following:
      Element has insufficient color contrast of 1.3 (foreground color: #ffffff, background color: #d8e2f8, font size: 13.5pt (18px), font weight: normal). Expected contrast ratio of 4.5:1", "html": "<button data-slot=\"button\" class=\"inline-flex items-center justify-center gap-2 whitespace-nowrap font-medium transition-all disabled:pointer-events-none disabled:opacity-50 [&amp;_svg]:pointer-events-none [&amp;_svg:not([class*='size-'])]:size-4 shrink-0 [&amp;_svg]:shrink-0 outline-none focus-visible:border-ring focus-visible:ring-ring/50 focus-visible:ring-[3px] aria-invalid:ring-destructive/20 dark:aria-invalid:ring-destructive/40 aria-invalid:border-destructive bg-primary text-primary-foreground shadow-xs hover:bg-primary/90 h-10 rounded-md has-[&gt;svg]:px-4 text-lg px-8 py-4 focus-enhanced\">", "impact": "serious", "none": [], "target": [".bg-primary.hover\\:bg-primary\\/90.h-10"]}, {"all": [], "any": [[Object]], "failureSummary": "Fix any of the following:
      Element has insufficient color contrast of 1.55 (foreground color: #cecfd1, background color: #ffffff, font size: 13.5pt (18px), font weight: normal). Expected contrast ratio of 4.5:1", "html": "<button data-slot=\"button\" class=\"inline-flex items-center justify-center gap-2 whitespace-nowrap font-medium transition-all disabled:pointer-events-none disabled:opacity-50 [&amp;_svg]:pointer-events-none [&amp;_svg:not([class*='size-'])]:size-4 shrink-0 [&amp;_svg]:shrink-0 outline-none focus-visible:border-ring focus-visible:ring-ring/50 focus-visible:ring-[3px] aria-invalid:ring-destructive/20 dark:aria-invalid:ring-destructive/40 aria-invalid:border-destructive border bg-background shadow-xs hover:bg-accent hover:text-accent-foreground dark:bg-input/30 dark:border-input dark:hover:bg-input/50 h-10 rounded-md has-[&gt;svg]:px-4 text-lg px-8 py-4 focus-enhanced\">", "impact": "serious", "none": [], "target": [".h-10.has-\\[\\>svg\\]\\:px-4.text-lg:nth-child(2)"]}], "tags": ["cat.color", "wcag2aa", "wcag143", "TTv5", "TT13.c", "EN-301-549", "EN-9.1.4.3", "ACT"]}]

      365 |     );
      366 |     
    > 367 |     expect(criticalViolations).toHaveLength(0);
          |                                ^
      368 |   });
      369 | });
        at /home/runner/work/Teach-Educa/Teach-Educa/tests/accessibility/a11y.spec.ts:367:32

    attachment #1: screenshot (image/png) ──────────────────────────────────────────────────────────
    ../test-results/accessibility-a11y-Accessi-7a121-xe-core-accessibility-audit-chromium-retry1/test-failed-1.png
    ────────────────────────────────────────────────────────────────────────────────────────────────

    Error Context: ../test-results/accessibility-a11y-Accessi-7a121-xe-core-accessibility-audit-chromium-retry1/error-context.md

    Retry #2 ───────────────────────────────────────────────────────────────────────────────────────

    Error: expect(received).toHaveLength(expected)

    Expected length: 0
    Received length: 1
    Received array:  [{"description": "Ensure the contrast between foreground and background colors meets WCAG 2 AA minimum contrast ratio thresholds", "help": "Elements must meet minimum color contrast ratio thresholds", "helpUrl": "https://dequeuniversity.com/rules/axe/4.10/color-contrast?application=axeAPI", "id": "color-contrast", "impact": "serious", "nodes": [{"all": [], "any": [{"data": {"bgColor": "#4b79e0", "contrastRatio": 4.1, "expectedContrastRatio": "4.5:1", "fgColor": "#ffffff", "fontSize": "10.5pt (14px)", "fontWeight": "normal", "messageKey": null, "shadowColor": undefined}, "id": "color-contrast", "impact": "serious", "message": "Element has insufficient color contrast of 4.1 (foreground color: #ffffff, background color: #4b79e0, font size: 10.5pt (14px), font weight: normal). Expected contrast ratio of 4.5:1", "relatedNodes": [{"html": "<button data-slot=\"button\" class=\"inline-flex items-center justify-center gap-2 whitespace-nowrap rounded-md text-sm font-medium transition-all disabled:pointer-events-none disabled:opacity-50 [&amp;_svg]:pointer-events-none [&amp;_svg:not([class*='size-'])]:size-4 shrink-0 [&amp;_svg]:shrink-0 outline-none focus-visible:border-ring focus-visible:ring-ring/50 focus-visible:ring-[3px] aria-invalid:ring-destructive/20 dark:aria-invalid:ring-destructive/40 aria-invalid:border-destructive bg-primary text-primary-foreground shadow-xs hover:bg-primary/90 h-9 px-4 py-2 has-[&gt;svg]:px-3 focus-enhanced\">", "target": [".hidden > .bg-primary.hover\\:bg-primary\\/90.text-primary-foreground"]}]}], "failureSummary": "Fix any of the following:
      Element has insufficient color contrast of 4.1 (foreground color: #ffffff, background color: #4b79e0, font size: 10.5pt (14px), font weight: normal). Expected contrast ratio of 4.5:1", "html": "<button data-slot=\"button\" class=\"inline-flex items-center justify-center gap-2 whitespace-nowrap rounded-md text-sm font-medium transition-all disabled:pointer-events-none disabled:opacity-50 [&amp;_svg]:pointer-events-none [&amp;_svg:not([class*='size-'])]:size-4 shrink-0 [&amp;_svg]:shrink-0 outline-none focus-visible:border-ring focus-visible:ring-ring/50 focus-visible:ring-[3px] aria-invalid:ring-destructive/20 dark:aria-invalid:ring-destructive/40 aria-invalid:border-destructive bg-primary text-primary-foreground shadow-xs hover:bg-primary/90 h-9 px-4 py-2 has-[&gt;svg]:px-3 focus-enhanced\">", "impact": "serious", "none": [], "target": [".hidden > .bg-primary.hover\\:bg-primary\\/90.text-primary-foreground"]}, {"all": [], "any": [{"data": {"bgColor": "#f2f3f4", "contrastRatio": 1.52, "expectedContrastRatio": "4.5:1", "fgColor": "#c4c7ca", "fontSize": "10.5pt (14px)", "fontWeight": "normal", "messageKey": null, "shadowColor": undefined}, "id": "color-contrast", "impact": "serious", "message": "Element has insufficient color contrast of 1.52 (foreground color: #c4c7ca, background color: #f2f3f4, font size: 10.5pt (14px), font weight: normal). Expected contrast ratio of 4.5:1", "relatedNodes": [{"html": "<span data-slot=\"badge\" class=\"inline-flex items-center justify-center rounded-md border font-medium w-fit whitespace-nowrap shrink-0 [&amp;&gt;svg]:size-3 gap-1 [&amp;&gt;svg]:pointer-events-none focus-visible:border-ring focus-visible:ring-ring/50 focus-visible:ring-[3px] aria-invalid:ring-destructive/20 dark:aria-invalid:ring-destructive/40 aria-invalid:border-destructive transition-[color,box-shadow] overflow-hidden border-transparent bg-secondary text-secondary-foreground [a&amp;]:hover:bg-secondary/90 mb-6 text-sm px-4 py-1\">", "target": [".\\[a\\&\\]\\:hover\\:bg-secondary\\/90"]}]}], "failureSummary": "Fix any of the following:
      Element has insufficient color contrast of 1.52 (foreground color: #c4c7ca, background color: #f2f3f4, font size: 10.5pt (14px), font weight: normal). Expected contrast ratio of 4.5:1", "html": "<span data-slot=\"badge\" class=\"inline-flex items-center justify-center rounded-md border font-medium w-fit whitespace-nowrap shrink-0 [&amp;&gt;svg]:size-3 gap-1 [&amp;&gt;svg]:pointer-events-none focus-visible:border-ring focus-visible:ring-ring/50 focus-visible:ring-[3px] aria-invalid:ring-destructive/20 dark:aria-invalid:ring-destructive/40 aria-invalid:border-destructive transition-[color,box-shadow] overflow-hidden border-transparent bg-secondary text-secondary-foreground [a&amp;]:hover:bg-secondary/90 mb-6 text-sm px-4 py-1\">", "impact": "serious", "none": [], "target": [".\\[a\\&\\]\\:hover\\:bg-secondary\\/90"]}, {"all": [], "any": [{"data": {"bgColor": "#bdcef4", "contrastRatio": 1.57, "expectedContrastRatio": "4.5:1", "fgColor": "#ffffff", "fontSize": "13.5pt (18px)", "fontWeight": "normal", "messageKey": null, "shadowColor": undefined}, "id": "color-contrast", "impact": "serious", "message": "Element has insufficient color contrast of 1.57 (foreground color: #ffffff, background color: #bdcef4, font size: 13.5pt (18px), font weight: normal). Expected contrast ratio of 4.5:1", "relatedNodes": [{"html": "<button data-slot=\"button\" class=\"inline-flex items-center justify-center gap-2 whitespace-nowrap font-medium transition-all disabled:pointer-events-none disabled:opacity-50 [&amp;_svg]:pointer-events-none [&amp;_svg:not([class*='size-'])]:size-4 shrink-0 [&amp;_svg]:shrink-0 outline-none focus-visible:border-ring focus-visible:ring-ring/50 focus-visible:ring-[3px] aria-invalid:ring-destructive/20 dark:aria-invalid:ring-destructive/40 aria-invalid:border-destructive bg-primary text-primary-foreground shadow-xs hover:bg-primary/90 h-10 rounded-md has-[&gt;svg]:px-4 text-lg px-8 py-4 focus-enhanced\">", "target": [".bg-primary.hover\\:bg-primary\\/90.h-10"]}]}], "failureSummary": "Fix any of the following:
      Element has insufficient color contrast of 1.57 (foreground color: #ffffff, background color: #bdcef4, font size: 13.5pt (18px), font weight: normal). Expected contrast ratio of 4.5:1", "html": "<button data-slot=\"button\" class=\"inline-flex items-center justify-center gap-2 whitespace-nowrap font-medium transition-all disabled:pointer-events-none disabled:opacity-50 [&amp;_svg]:pointer-events-none [&amp;_svg:not([class*='size-'])]:size-4 shrink-0 [&amp;_svg]:shrink-0 outline-none focus-visible:border-ring focus-visible:ring-ring/50 focus-visible:ring-[3px] aria-invalid:ring-destructive/20 dark:aria-invalid:ring-destructive/40 aria-invalid:border-destructive bg-primary text-primary-foreground shadow-xs hover:bg-primary/90 h-10 rounded-md has-[&gt;svg]:px-4 text-lg px-8 py-4 focus-enhanced\">", "impact": "serious", "none": [], "target": [".bg-primary.hover\\:bg-primary\\/90.h-10"]}, {"all": [], "any": [{"data": {"bgColor": "#ffffff", "contrastRatio": 2.21, "expectedContrastRatio": "4.5:1", "fgColor": "#adaeb1", "fontSize": "13.5pt (18px)", "fontWeight": "normal", "messageKey": null, "shadowColor": undefined}, "id": "color-contrast", "impact": "serious", "message": "Element has insufficient color contrast of 2.21 (foreground color: #adaeb1, background color: #ffffff, font size: 13.5pt (18px), font weight: normal). Expected contrast ratio of 4.5:1", "relatedNodes": [{"html": "<button data-slot=\"button\" class=\"inline-flex items-center justify-center gap-2 whitespace-nowrap font-medium transition-all disabled:pointer-events-none disabled:opacity-50 [&amp;_svg]:pointer-events-none [&amp;_svg:not([class*='size-'])]:size-4 shrink-0 [&amp;_svg]:shrink-0 outline-none focus-visible:border-ring focus-visible:ring-ring/50 focus-visible:ring-[3px] aria-invalid:ring-destructive/20 dark:aria-invalid:ring-destructive/40 aria-invalid:border-destructive border bg-background shadow-xs hover:bg-accent hover:text-accent-foreground dark:bg-input/30 dark:border-input dark:hover:bg-input/50 h-10 rounded-md has-[&gt;svg]:px-4 text-lg px-8 py-4 focus-enhanced\">", "target": [".h-10.has-\\[\\>svg\\]\\:px-4.text-lg:nth-child(2)"]}]}], "failureSummary": "Fix any of the following:
      Element has insufficient color contrast of 2.21 (foreground color: #adaeb1, background color: #ffffff, font size: 13.5pt (18px), font weight: normal). Expected contrast ratio of 4.5:1", "html": "<button data-slot=\"button\" class=\"inline-flex items-center justify-center gap-2 whitespace-nowrap font-medium transition-all disabled:pointer-events-none disabled:opacity-50 [&amp;_svg]:pointer-events-none [&amp;_svg:not([class*='size-'])]:size-4 shrink-0 [&amp;_svg]:shrink-0 outline-none focus-visible:border-ring focus-visible:ring-ring/50 focus-visible:ring-[3px] aria-invalid:ring-destructive/20 dark:aria-invalid:ring-destructive/40 aria-invalid:border-destructive border bg-background shadow-xs hover:bg-accent hover:text-accent-foreground dark:bg-input/30 dark:border-input dark:hover:bg-input/50 h-10 rounded-md has-[&gt;svg]:px-4 text-lg px-8 py-4 focus-enhanced\">", "impact": "serious", "none": [], "target": [".h-10.has-\\[\\>svg\\]\\:px-4.text-lg:nth-child(2)"]}], "tags": ["cat.color", "wcag2aa", "wcag143", "TTv5", "TT13.c", "EN-301-549", "EN-9.1.4.3", "ACT"]}]

      365 |     );
      366 |     
    > 367 |     expect(criticalViolations).toHaveLength(0);
          |                                ^
      368 |   });
      369 | });
        at /home/runner/work/Teach-Educa/Teach-Educa/tests/accessibility/a11y.spec.ts:367:32

    attachment #1: screenshot (image/png) ──────────────────────────────────────────────────────────
    ../test-results/accessibility-a11y-Accessi-7a121-xe-core-accessibility-audit-chromium-retry2/test-failed-1.png
    ────────────────────────────────────────────────────────────────────────────────────────────────

    Error Context: ../test-results/accessibility-a11y-Accessi-7a121-xe-core-accessibility-audit-chromium-retry2/error-context.md
]]>
</failure>
<system-out>
<![CDATA[Accessibility violations found: [
  {
    id: [32m'color-contrast'[39m,
    impact: [32m'serious'[39m,
    tags: [
      [32m'cat.color'[39m,
      [32m'wcag2aa'[39m,
      [32m'wcag143'[39m,
      [32m'TTv5'[39m,
      [32m'TT13.c'[39m,
      [32m'EN-301-549'[39m,
      [32m'EN-9.1.4.3'[39m,
      [32m'ACT'[39m
    ],
    description: [32m'Ensure the contrast between foreground and background colors meets WCAG 2 AA minimum contrast ratio thresholds'[39m,
    help: [32m'Elements must meet minimum color contrast ratio thresholds'[39m,
    helpUrl: [32m'https://dequeuniversity.com/rules/axe/4.10/color-contrast?application=axeAPI'[39m,
    nodes: [ [36m[Object][39m, [36m[Object][39m, [36m[Object][39m, [36m[Object][39m ]
  },
  {
    id: [32m'landmark-one-main'[39m,
    impact: [32m'moderate'[39m,
    tags: [ [32m'cat.semantics'[39m, [32m'best-practice'[39m ],
    description: [32m'Ensure the document has a main landmark'[39m,
    help: [32m'Document should have one main landmark'[39m,
    helpUrl: [32m'https://dequeuniversity.com/rules/axe/4.10/landmark-one-main?application=axeAPI'[39m,
    nodes: [ [36m[Object][39m ]
  },
  {
    id: [32m'region'[39m,
    impact: [32m'moderate'[39m,
    tags: [ [32m'cat.keyboard'[39m, [32m'best-practice'[39m ],
    description: [32m'Ensure all page content is contained by landmarks'[39m,
    help: [32m'All page content should be contained by landmarks'[39m,
    helpUrl: [32m'https://dequeuniversity.com/rules/axe/4.10/region?application=axeAPI'[39m,
    nodes: [
      [36m[Object][39m, [36m[Object][39m, [36m[Object][39m,
      [36m[Object][39m, [36m[Object][39m, [36m[Object][39m,
      [36m[Object][39m, [36m[Object][39m, [36m[Object][39m,
      [36m[Object][39m, [36m[Object][39m, [36m[Object][39m,
      [36m[Object][39m, [36m[Object][39m, [36m[Object][39m,
      [36m[Object][39m, [36m[Object][39m, [36m[Object][39m,
      [36m[Object][39m, [36m[Object][39m, [36m[Object][39m,
      [36m[Object][39m, [36m[Object][39m, [36m[Object][39m,
      [36m[Object][39m, [36m[Object][39m, [36m[Object][39m,
      [36m[Object][39m, [36m[Object][39m, [36m[Object][39m,
      [36m[Object][39m
    ]
  }
]

[[ATTACHMENT|test-results/accessibility-a11y-Accessi-7a121-xe-core-accessibility-audit-chromium/test-failed-1.png]]

[[ATTACHMENT|test-results/accessibility-a11y-Accessi-7a121-xe-core-accessibility-audit-chromium/error-context.md]]
Accessibility violations found: [
  {
    id: [32m'color-contrast'[39m,
    impact: [32m'serious'[39m,
    tags: [
      [32m'cat.color'[39m,
      [32m'wcag2aa'[39m,
      [32m'wcag143'[39m,
      [32m'TTv5'[39m,
      [32m'TT13.c'[39m,
      [32m'EN-301-549'[39m,
      [32m'EN-9.1.4.3'[39m,
      [32m'ACT'[39m
    ],
    description: [32m'Ensure the contrast between foreground and background colors meets WCAG 2 AA minimum contrast ratio thresholds'[39m,
    help: [32m'Elements must meet minimum color contrast ratio thresholds'[39m,
    helpUrl: [32m'https://dequeuniversity.com/rules/axe/4.10/color-contrast?application=axeAPI'[39m,
    nodes: [ [36m[Object][39m, [36m[Object][39m, [36m[Object][39m, [36m[Object][39m, [36m[Object][39m ]
  },
  {
    id: [32m'landmark-one-main'[39m,
    impact: [32m'moderate'[39m,
    tags: [ [32m'cat.semantics'[39m, [32m'best-practice'[39m ],
    description: [32m'Ensure the document has a main landmark'[39m,
    help: [32m'Document should have one main landmark'[39m,
    helpUrl: [32m'https://dequeuniversity.com/rules/axe/4.10/landmark-one-main?application=axeAPI'[39m,
    nodes: [ [36m[Object][39m ]
  },
  {
    id: [32m'region'[39m,
    impact: [32m'moderate'[39m,
    tags: [ [32m'cat.keyboard'[39m, [32m'best-practice'[39m ],
    description: [32m'Ensure all page content is contained by landmarks'[39m,
    help: [32m'All page content should be contained by landmarks'[39m,
    helpUrl: [32m'https://dequeuniversity.com/rules/axe/4.10/region?application=axeAPI'[39m,
    nodes: [
      [36m[Object][39m, [36m[Object][39m, [36m[Object][39m,
      [36m[Object][39m, [36m[Object][39m, [36m[Object][39m,
      [36m[Object][39m, [36m[Object][39m, [36m[Object][39m,
      [36m[Object][39m, [36m[Object][39m, [36m[Object][39m,
      [36m[Object][39m, [36m[Object][39m, [36m[Object][39m,
      [36m[Object][39m, [36m[Object][39m, [36m[Object][39m,
      [36m[Object][39m, [36m[Object][39m, [36m[Object][39m,
      [36m[Object][39m, [36m[Object][39m, [36m[Object][39m,
      [36m[Object][39m, [36m[Object][39m, [36m[Object][39m,
      [36m[Object][39m, [36m[Object][39m, [36m[Object][39m,
      [36m[Object][39m
    ]
  }
]

[[ATTACHMENT|test-results/accessibility-a11y-Accessi-7a121-xe-core-accessibility-audit-chromium-retry1/test-failed-1.png]]

[[ATTACHMENT|test-results/accessibility-a11y-Accessi-7a121-xe-core-accessibility-audit-chromium-retry1/error-context.md]]
Accessibility violations found: [
  {
    id: [32m'color-contrast'[39m,
    impact: [32m'serious'[39m,
    tags: [
      [32m'cat.color'[39m,
      [32m'wcag2aa'[39m,
      [32m'wcag143'[39m,
      [32m'TTv5'[39m,
      [32m'TT13.c'[39m,
      [32m'EN-301-549'[39m,
      [32m'EN-9.1.4.3'[39m,
      [32m'ACT'[39m
    ],
    description: [32m'Ensure the contrast between foreground and background colors meets WCAG 2 AA minimum contrast ratio thresholds'[39m,
    help: [32m'Elements must meet minimum color contrast ratio thresholds'[39m,
    helpUrl: [32m'https://dequeuniversity.com/rules/axe/4.10/color-contrast?application=axeAPI'[39m,
    nodes: [ [36m[Object][39m, [36m[Object][39m, [36m[Object][39m, [36m[Object][39m ]
  },
  {
    id: [32m'landmark-one-main'[39m,
    impact: [32m'moderate'[39m,
    tags: [ [32m'cat.semantics'[39m, [32m'best-practice'[39m ],
    description: [32m'Ensure the document has a main landmark'[39m,
    help: [32m'Document should have one main landmark'[39m,
    helpUrl: [32m'https://dequeuniversity.com/rules/axe/4.10/landmark-one-main?application=axeAPI'[39m,
    nodes: [ [36m[Object][39m ]
  },
  {
    id: [32m'region'[39m,
    impact: [32m'moderate'[39m,
    tags: [ [32m'cat.keyboard'[39m, [32m'best-practice'[39m ],
    description: [32m'Ensure all page content is contained by landmarks'[39m,
    help: [32m'All page content should be contained by landmarks'[39m,
    helpUrl: [32m'https://dequeuniversity.com/rules/axe/4.10/region?application=axeAPI'[39m,
    nodes: [
      [36m[Object][39m, [36m[Object][39m, [36m[Object][39m,
      [36m[Object][39m, [36m[Object][39m, [36m[Object][39m,
      [36m[Object][39m, [36m[Object][39m, [36m[Object][39m,
      [36m[Object][39m, [36m[Object][39m, [36m[Object][39m,
      [36m[Object][39m, [36m[Object][39m, [36m[Object][39m,
      [36m[Object][39m, [36m[Object][39m, [36m[Object][39m,
      [36m[Object][39m, [36m[Object][39m, [36m[Object][39m,
      [36m[Object][39m, [36m[Object][39m, [36m[Object][39m,
      [36m[Object][39m, [36m[Object][39m, [36m[Object][39m,
      [36m[Object][39m, [36m[Object][39m, [36m[Object][39m,
      [36m[Object][39m
    ]
  }
]

[[ATTACHMENT|test-results/accessibility-a11y-Accessi-7a121-xe-core-accessibility-audit-chromium-retry2/test-failed-1.png]]

[[ATTACHMENT|test-results/accessibility-a11y-Accessi-7a121-xe-core-accessibility-audit-chromium-retry2/error-context.md]]
]]>
</system-out>
</testcase>
</testsuite>
</testsuites>